Started GET "/" for 127.0.0.1 at 2018-11-08 16:15:42 +1100
  [1m[35m (1.7ms)[0m  [1m[34mSELECT "schema_migrations"."version" FROM "schema_migrations" ORDER BY "schema_migrations"."version" ASC[0m
  ↳ /Users/jessica/.rvm/gems/ruby-2.5.1/gems/activerecord-5.2.1/lib/active_record/log_subscriber.rb:98
Processing by PublicController#index as HTML
  Rendering public/index.html.erb within layouts/application
  Rendered public/index.html.erb within layouts/application (6.9ms)
Started GET "/" for 127.0.0.1 at 2018-11-08 16:15:46 +1100
Processing by PublicController#index as HTML
  Rendering public/index.html.erb within layouts/application
  Rendered public/index.html.erb within layouts/application (0.9ms)
  [1m[36mUser Load (9.0ms)[0m  [1m[34mSELECT  "users".* FROM "users" WHERE "users"."id" = $1 ORDER BY "users"."id" ASC LIMIT $2[0m  [["id", 61], ["LIMIT", 1]]
  ↳ app/views/layouts/_header.html.erb:8
  Rendered layouts/_header.html.erb (58.3ms)
  Rendered layouts/_footer.html.erb (0.7ms)
Completed 200 OK in 8491ms (Views: 8445.7ms | ActiveRecord: 28.7ms)


  [1m[36mUser Load (3.8ms)[0m  [1m[34mSELECT  "users".* FROM "users" WHERE "users"."id" = $1 ORDER BY "users"."id" ASC LIMIT $2[0m  [["id", 61], ["LIMIT", 1]]
  ↳ app/views/layouts/_header.html.erb:8
  Rendered layouts/_header.html.erb (7.5ms)
  Rendered layouts/_footer.html.erb (0.9ms)
Completed 200 OK in 5303ms (Views: 5289.0ms | ActiveRecord: 3.8ms)


Started GET "/projects" for 127.0.0.1 at 2018-11-08 16:16:08 +1100
Processing by ProjectsController#index as HTML
Creating scope :open. Overwriting existing method Project.open.
  Rendering projects/index.html.erb within layouts/application
  [1m[36mProduct Load (14.0ms)[0m  [1m[34mSELECT "products".* FROM "products"[0m
  ↳ app/views/projects/index.html.erb:12
  [1m[36mProject Load (2.6ms)[0m  [1m[34mSELECT  "projects".* FROM "projects" ORDER BY "projects"."updated_at" ASC LIMIT $1[0m  [["LIMIT", 24]]
  ↳ app/views/projects/index.html.erb:31
  [1m[36mUser Load (0.7ms)[0m  [1m[34mSELECT  "users".* FROM "users" WHERE "users"."id" = $1 ORDER BY "users"."id" ASC LIMIT $2[0m  [["id", 61], ["LIMIT", 1]]
  ↳ app/views/projects/index.html.erb:50
  Rendered projects/index.html.erb within layouts/application (123.4ms)
  Rendered layouts/_header.html.erb (1.2ms)
  Rendered layouts/_footer.html.erb (0.6ms)
Completed 200 OK in 254ms (Views: 158.5ms | ActiveRecord: 57.8ms)


Started GET "/projects/dashboard" for 127.0.0.1 at 2018-11-08 16:16:10 +1100
Processing by ProjectsController#dashboard as HTML
  [1m[36mUser Load (1.2ms)[0m  [1m[34mSELECT  "users".* FROM "users" WHERE "users"."id" = $1 ORDER BY "users"."id" ASC LIMIT $2[0m  [["id", 61], ["LIMIT", 1]]
  ↳ /Users/jessica/.rvm/gems/ruby-2.5.1/gems/activerecord-5.2.1/lib/active_record/log_subscriber.rb:98
  Rendering projects/dashboard.html.erb within layouts/application
  [1m[36mProject Load (0.7ms)[0m  [1m[34mSELECT "projects".* FROM "projects" WHERE (user_id = 61 AND status = 0)[0m
  ↳ app/views/projects/dashboard.html.erb:16
  [1m[36mBid Exists (1.9ms)[0m  [1m[34mSELECT  1 AS one FROM "bids" WHERE "bids"."project_id" = $1 LIMIT $2[0m  [["project_id", 35], ["LIMIT", 1]]
  ↳ app/views/projects/dashboard.html.erb:30
  [1m[36mBid Load (0.7ms)[0m  [1m[34mSELECT "bids".* FROM "bids" WHERE "bids"."project_id" = $1[0m  [["project_id", 35]]
  ↳ app/views/projects/dashboard.html.erb:33
  [1m[36mUser Load (0.4ms)[0m  [1m[34mSELECT  "users".* FROM "users" WHERE "users"."id" = $1 LIMIT $2[0m  [["id", 62], ["LIMIT", 1]]
  ↳ app/views/projects/dashboard.html.erb:36
  [1m[36mProject Load (0.5ms)[0m  [1m[34mSELECT "projects".* FROM "projects" WHERE (user_id = 61 AND status = 1)[0m
  ↳ app/views/projects/dashboard.html.erb:62
  [1m[36mBid Load (0.7ms)[0m  [1m[34mSELECT "bids".* FROM "bids" WHERE "bids"."project_id" = $1 AND "bids"."status" = $2[0m  [["project_id", 34], ["status", 1]]
  ↳ app/views/projects/dashboard.html.erb:66
  [1m[36mCACHE User Load (0.0ms)[0m  [1m[34mSELECT  "users".* FROM "users" WHERE "users"."id" = $1 LIMIT $2[0m  [["id", 62], ["LIMIT", 1]]
  ↳ app/views/projects/dashboard.html.erb:66
  [1m[36mCACHE Bid Load (0.0ms)[0m  [1m[34mSELECT "bids".* FROM "bids" WHERE "bids"."project_id" = $1 AND "bids"."status" = $2[0m  [["project_id", 34], ["status", 1]]
  ↳ app/views/projects/dashboard.html.erb:66
  [1m[36mProject Load (0.7ms)[0m  [1m[34mSELECT "projects".* FROM "projects" WHERE (user_id = 61 AND status = 2)[0m
  ↳ app/views/projects/dashboard.html.erb:89
  [1m[36mBid Load (0.7ms)[0m  [1m[34mSELECT "bids".* FROM "bids" WHERE "bids"."project_id" = $1 AND "bids"."status" = $2[0m  [["project_id", 31], ["status", 1]]
  ↳ app/views/projects/dashboard.html.erb:92
  [1m[36mUser Load (0.6ms)[0m  [1m[34mSELECT  "users".* FROM "users" WHERE "users"."id" = $1 LIMIT $2[0m  [["id", 63], ["LIMIT", 1]]
  ↳ app/views/projects/dashboard.html.erb:92
  [1m[36mCACHE Bid Load (0.0ms)[0m  [1m[34mSELECT "bids".* FROM "bids" WHERE "bids"."project_id" = $1 AND "bids"."status" = $2[0m  [["project_id", 31], ["status", 1]]
  ↳ app/views/projects/dashboard.html.erb:92
  [1m[36mRating Load (1.0ms)[0m  [1m[34mSELECT  "ratings".* FROM "ratings" WHERE "ratings"."project_id" = $1 LIMIT $2[0m  [["project_id", 31], ["LIMIT", 1]]
  ↳ app/views/projects/dashboard.html.erb:93
  [1m[36mBid Load (0.7ms)[0m  [1m[34mSELECT "bids".* FROM "bids" WHERE "bids"."project_id" = $1 AND "bids"."status" = $2[0m  [["project_id", 32], ["status", 1]]
  ↳ app/views/projects/dashboard.html.erb:92
  [1m[36mCACHE User Load (0.0ms)[0m  [1m[34mSELECT  "users".* FROM "users" WHERE "users"."id" = $1 LIMIT $2[0m  [["id", 62], ["LIMIT", 1]]
  ↳ app/views/projects/dashboard.html.erb:92
  [1m[36mCACHE Bid Load (0.0ms)[0m  [1m[34mSELECT "bids".* FROM "bids" WHERE "bids"."project_id" = $1 AND "bids"."status" = $2[0m  [["project_id", 32], ["status", 1]]
  ↳ app/views/projects/dashboard.html.erb:92
  [1m[36mRating Load (0.4ms)[0m  [1m[34mSELECT  "ratings".* FROM "ratings" WHERE "ratings"."project_id" = $1 LIMIT $2[0m  [["project_id", 32], ["LIMIT", 1]]
  ↳ app/views/projects/dashboard.html.erb:93
  [1m[36mBid Load (0.5ms)[0m  [1m[34mSELECT "bids".* FROM "bids" WHERE "bids"."project_id" = $1 AND "bids"."status" = $2[0m  [["project_id", 33], ["status", 1]]
  ↳ app/views/projects/dashboard.html.erb:92
  [1m[36mCACHE User Load (0.0ms)[0m  [1m[34mSELECT  "users".* FROM "users" WHERE "users"."id" = $1 LIMIT $2[0m  [["id", 62], ["LIMIT", 1]]
  ↳ app/views/projects/dashboard.html.erb:92
  [1m[36mCACHE Bid Load (0.0ms)[0m  [1m[34mSELECT "bids".* FROM "bids" WHERE "bids"."project_id" = $1 AND "bids"."status" = $2[0m  [["project_id", 33], ["status", 1]]
  ↳ app/views/projects/dashboard.html.erb:92
  [1m[36mRating Load (3.1ms)[0m  [1m[34mSELECT  "ratings".* FROM "ratings" WHERE "ratings"."project_id" = $1 LIMIT $2[0m  [["project_id", 33], ["LIMIT", 1]]
  ↳ app/views/projects/dashboard.html.erb:93
  Rendered projects/dashboard.html.erb within layouts/application (123.1ms)
  Rendered layouts/_header.html.erb (2.3ms)
  Rendered layouts/_footer.html.erb (0.9ms)
Completed 200 OK in 197ms (Views: 154.2ms | ActiveRecord: 36.3ms)


Started GET "/" for 127.0.0.1 at 2018-11-08 17:24:00 +1100
  
LoadError (cannot load such file -- /Users/jessica/Desktop/ProjectRails/DevMarket/src/config/routes.rb):
  
bootsnap (1.3.2) lib/bootsnap/load_path_cache/core_ext/kernel_require.rb:50:in `load'
bootsnap (1.3.2) lib/bootsnap/load_path_cache/core_ext/kernel_require.rb:50:in `load'
activesupport (5.2.1) lib/active_support/dependencies.rb:281:in `block in load'
activesupport (5.2.1) lib/active_support/dependencies.rb:253:in `load_dependency'
activesupport (5.2.1) lib/active_support/dependencies.rb:281:in `load'
railties (5.2.1) lib/rails/application/routes_reloader.rb:41:in `block in load_paths'
railties (5.2.1) lib/rails/application/routes_reloader.rb:41:in `each'
railties (5.2.1) lib/rails/application/routes_reloader.rb:41:in `load_paths'
railties (5.2.1) lib/rails/application/routes_reloader.rb:20:in `reload!'
railties (5.2.1) lib/rails/application/routes_reloader.rb:30:in `block in updater'
activesupport (5.2.1) lib/active_support/file_update_checker.rb:83:in `execute'
railties (5.2.1) lib/rails/application/routes_reloader.rb:10:in `execute'
railties (5.2.1) lib/rails/application/finisher.rb:143:in `block (2 levels) in <module:Finisher>'
activesupport (5.2.1) lib/active_support/callbacks.rb:426:in `instance_exec'
activesupport (5.2.1) lib/active_support/callbacks.rb:426:in `block in make_lambda'
activesupport (5.2.1) lib/active_support/callbacks.rb:198:in `block (2 levels) in halting'
activesupport (5.2.1) lib/active_support/callbacks.rb:606:in `block (2 levels) in default_terminator'
activesupport (5.2.1) lib/active_support/callbacks.rb:605:in `catch'
activesupport (5.2.1) lib/active_support/callbacks.rb:605:in `block in default_terminator'
activesupport (5.2.1) lib/active_support/callbacks.rb:199:in `block in halting'
activesupport (5.2.1) lib/active_support/callbacks.rb:513:in `block in invoke_before'
activesupport (5.2.1) lib/active_support/callbacks.rb:513:in `each'
activesupport (5.2.1) lib/active_support/callbacks.rb:513:in `invoke_before'
activesupport (5.2.1) lib/active_support/callbacks.rb:131:in `run_callbacks'
activesupport (5.2.1) lib/active_support/execution_wrapper.rb:110:in `run!'
activesupport (5.2.1) lib/active_support/reloader.rb:115:in `run!'
activesupport (5.2.1) lib/active_support/execution_wrapper.rb:72:in `block in run!'
activesupport (5.2.1) lib/active_support/execution_wrapper.rb:69:in `tap'
activesupport (5.2.1) lib/active_support/execution_wrapper.rb:69:in `run!'
activesupport (5.2.1) lib/active_support/reloader.rb:64:in `run!'
actionpack (5.2.1) lib/action_dispatch/middleware/executor.rb:12:in `call'
actionpack (5.2.1) lib/action_dispatch/middleware/debug_exceptions.rb:61:in `call'
web-console (3.7.0) lib/web_console/middleware.rb:135:in `call_app'
web-console (3.7.0) lib/web_console/middleware.rb:30:in `block in call'
web-console (3.7.0) lib/web_console/middleware.rb:20:in `catch'
web-console (3.7.0) lib/web_console/middleware.rb:20:in `call'
actionpack (5.2.1) lib/action_dispatch/middleware/show_exceptions.rb:33:in `call'
railties (5.2.1) lib/rails/rack/logger.rb:38:in `call_app'
railties (5.2.1) lib/rails/rack/logger.rb:26:in `block in call'
activesupport (5.2.1) lib/active_support/tagged_logging.rb:71:in `block in tagged'
activesupport (5.2.1) lib/active_support/tagged_logging.rb:28:in `tagged'
activesupport (5.2.1) lib/active_support/tagged_logging.rb:71:in `tagged'
railties (5.2.1) lib/rails/rack/logger.rb:26:in `call'
sprockets-rails (3.2.1) lib/sprockets/rails/quiet_assets.rb:13:in `call'
actionpack (5.2.1) lib/action_dispatch/middleware/remote_ip.rb:81:in `call'
actionpack (5.2.1) lib/action_dispatch/middleware/request_id.rb:27:in `call'
rack (2.0.5) lib/rack/method_override.rb:22:in `call'
rack (2.0.5) lib/rack/runtime.rb:22:in `call'
activesupport (5.2.1) lib/active_support/cache/strategy/local_cache_middleware.rb:29:in `call'
actionpack (5.2.1) lib/action_dispatch/middleware/executor.rb:14:in `call'
actionpack (5.2.1) lib/action_dispatch/middleware/static.rb:127:in `call'
rack (2.0.5) lib/rack/sendfile.rb:111:in `call'
railties (5.2.1) lib/rails/engine.rb:524:in `call'
puma (3.12.0) lib/puma/configuration.rb:225:in `call'
puma (3.12.0) lib/puma/server.rb:658:in `handle_request'
puma (3.12.0) lib/puma/server.rb:472:in `process_client'
puma (3.12.0) lib/puma/server.rb:332:in `block in run'
puma (3.12.0) lib/puma/thread_pool.rb:133:in `block in spawn_thread'
Started GET "/" for 127.0.0.1 at 2018-11-08 17:24:47 +1100
  [1m[35m (1.7ms)[0m  [1m[34mSELECT "schema_migrations"."version" FROM "schema_migrations" ORDER BY "schema_migrations"."version" ASC[0m
  ↳ /Users/jessica/.rvm/gems/ruby-2.5.1/gems/activerecord-5.2.1/lib/active_record/log_subscriber.rb:98
Processing by PublicController#index as HTML
  Rendering public/index.html.erb within layouts/application
  Rendered public/index.html.erb within layouts/application (2.1ms)
  [1m[36mUser Load (14.1ms)[0m  [1m[34mSELECT  "users".* FROM "users" WHERE "users"."id" = $1 ORDER BY "users"."id" ASC LIMIT $2[0m  [["id", 61], ["LIMIT", 1]]
  ↳ app/views/layouts/_header.html.erb:8
  Rendered layouts/_header.html.erb (78.5ms)
  Rendered layouts/_footer.html.erb (1.3ms)
Completed 200 OK in 663ms (Views: 605.7ms | ActiveRecord: 42.6ms)


Started GET "/" for 127.0.0.1 at 2018-11-08 17:24:49 +1100
Processing by PublicController#index as HTML
  Rendering public/index.html.erb within layouts/application
  Rendered public/index.html.erb within layouts/application (1.3ms)
  [1m[36mUser Load (0.6ms)[0m  [1m[34mSELECT  "users".* FROM "users" WHERE "users"."id" = $1 ORDER BY "users"."id" ASC LIMIT $2[0m  [["id", 61], ["LIMIT", 1]]
  ↳ app/views/layouts/_header.html.erb:8
  Rendered layouts/_header.html.erb (2.9ms)
  Rendered layouts/_footer.html.erb (0.5ms)
Completed 200 OK in 127ms (Views: 122.8ms | ActiveRecord: 0.6ms)


Started GET "/edit" for 127.0.0.1 at 2018-11-08 17:24:56 +1100
Processing by Devise::RegistrationsController#edit as HTML
  [1m[36mUser Load (1.9ms)[0m  [1m[34mSELECT  "users".* FROM "users" WHERE "users"."id" = $1 ORDER BY "users"."id" ASC LIMIT $2[0m  [["id", 61], ["LIMIT", 1]]
  ↳ /Users/jessica/.rvm/gems/ruby-2.5.1/gems/activerecord-5.2.1/lib/active_record/log_subscriber.rb:98
  Rendering devise/registrations/edit.html.erb within layouts/application
  Rendered devise/registrations/edit.html.erb within layouts/application (1211.8ms)
  Rendered layouts/_header.html.erb (2.1ms)
  Rendered layouts/_footer.html.erb (1.3ms)
Completed 200 OK in 1338ms (Views: 1328.1ms | ActiveRecord: 1.9ms)


Started GET "/projects" for 127.0.0.1 at 2018-11-08 17:25:01 +1100
Processing by ProjectsController#index as HTML
Creating scope :open. Overwriting existing method Project.open.
  Rendering projects/index.html.erb within layouts/application
  [1m[36mProduct Load (8.0ms)[0m  [1m[34mSELECT "products".* FROM "products"[0m
  ↳ app/views/projects/index.html.erb:12
  [1m[36mProject Load (10.9ms)[0m  [1m[34mSELECT  "projects".* FROM "projects" ORDER BY "projects"."updated_at" ASC LIMIT $1[0m  [["LIMIT", 24]]
  ↳ app/views/projects/index.html.erb:31
  [1m[36mUser Load (0.6ms)[0m  [1m[34mSELECT  "users".* FROM "users" WHERE "users"."id" = $1 ORDER BY "users"."id" ASC LIMIT $2[0m  [["id", 61], ["LIMIT", 1]]
  ↳ app/views/projects/index.html.erb:50
  Rendered projects/index.html.erb within layouts/application (72.7ms)
  Rendered layouts/_header.html.erb (0.9ms)
  Rendered layouts/_footer.html.erb (1.0ms)
Completed 200 OK in 204ms (Views: 117.3ms | ActiveRecord: 40.8ms)


Started GET "/projects" for 127.0.0.1 at 2018-11-08 17:25:20 +1100
Processing by ProjectsController#index as HTML
  Rendering projects/index.html.erb within layouts/application
  [1m[36mProduct Load (0.9ms)[0m  [1m[34mSELECT "products".* FROM "products"[0m
  ↳ app/views/projects/index.html.erb:12
  [1m[36mProject Load (1.0ms)[0m  [1m[34mSELECT  "projects".* FROM "projects" ORDER BY "projects"."updated_at" ASC LIMIT $1[0m  [["LIMIT", 24]]
  ↳ app/views/projects/index.html.erb:31
  [1m[36mUser Load (0.8ms)[0m  [1m[34mSELECT  "users".* FROM "users" WHERE "users"."id" = $1 ORDER BY "users"."id" ASC LIMIT $2[0m  [["id", 61], ["LIMIT", 1]]
  ↳ app/views/projects/index.html.erb:50
  Rendered projects/index.html.erb within layouts/application (13.9ms)
  Rendered layouts/_header.html.erb (0.9ms)
  Rendered layouts/_footer.html.erb (0.6ms)
Completed 200 OK in 85ms (Views: 78.6ms | ActiveRecord: 2.7ms)


Started GET "/projects" for 127.0.0.1 at 2018-11-08 17:25:24 +1100
Processing by ProjectsController#index as HTML
  Rendering projects/index.html.erb within layouts/application
  [1m[36mProduct Load (0.9ms)[0m  [1m[34mSELECT "products".* FROM "products"[0m
  ↳ app/views/projects/index.html.erb:12
  [1m[36mProject Load (0.6ms)[0m  [1m[34mSELECT  "projects".* FROM "projects" ORDER BY "projects"."updated_at" ASC LIMIT $1[0m  [["LIMIT", 24]]
  ↳ app/views/projects/index.html.erb:31
  [1m[36mUser Load (0.5ms)[0m  [1m[34mSELECT  "users".* FROM "users" WHERE "users"."id" = $1 ORDER BY "users"."id" ASC LIMIT $2[0m  [["id", 61], ["LIMIT", 1]]
  ↳ app/views/projects/index.html.erb:50
  Rendered projects/index.html.erb within layouts/application (11.7ms)
  Rendered layouts/_header.html.erb (1.2ms)
  Rendered layouts/_footer.html.erb (0.9ms)
Completed 200 OK in 89ms (Views: 83.9ms | ActiveRecord: 2.1ms)


Started GET "/projects" for 127.0.0.1 at 2018-11-08 17:25:38 +1100
Processing by ProjectsController#index as HTML
  Rendering projects/index.html.erb within layouts/application
  [1m[36mProduct Load (0.9ms)[0m  [1m[34mSELECT "products".* FROM "products"[0m
  ↳ app/views/projects/index.html.erb:12
  [1m[36mProject Load (1.1ms)[0m  [1m[34mSELECT  "projects".* FROM "projects" ORDER BY "projects"."updated_at" ASC LIMIT $1[0m  [["LIMIT", 24]]
  ↳ app/views/projects/index.html.erb:31
  [1m[36mUser Load (0.8ms)[0m  [1m[34mSELECT  "users".* FROM "users" WHERE "users"."id" = $1 ORDER BY "users"."id" ASC LIMIT $2[0m  [["id", 61], ["LIMIT", 1]]
  ↳ app/views/projects/index.html.erb:50
  Rendered projects/index.html.erb within layouts/application (15.3ms)
  Rendered layouts/_header.html.erb (1.8ms)
  Rendered layouts/_footer.html.erb (0.5ms)
Completed 200 OK in 96ms (Views: 89.9ms | ActiveRecord: 2.8ms)


Started GET "/projects" for 127.0.0.1 at 2018-11-08 17:28:36 +1100
Processing by ProjectsController#index as HTML
  Rendering projects/index.html.erb within layouts/application
  [1m[36mProduct Load (0.4ms)[0m  [1m[34mSELECT "products".* FROM "products"[0m
  ↳ app/views/projects/index.html.erb:12
  [1m[36mProject Load (0.8ms)[0m  [1m[34mSELECT  "projects".* FROM "projects" ORDER BY "projects"."updated_at" ASC LIMIT $1[0m  [["LIMIT", 24]]
  ↳ app/views/projects/index.html.erb:31
  [1m[36mUser Load (0.8ms)[0m  [1m[34mSELECT  "users".* FROM "users" WHERE "users"."id" = $1 ORDER BY "users"."id" ASC LIMIT $2[0m  [["id", 61], ["LIMIT", 1]]
  ↳ app/views/projects/index.html.erb:50
  Rendered projects/index.html.erb within layouts/application (12.1ms)
  Rendered layouts/_header.html.erb (1.0ms)
  Rendered layouts/_footer.html.erb (0.8ms)
Completed 200 OK in 83ms (Views: 78.1ms | ActiveRecord: 1.9ms)


Started GET "/projects/15" for 127.0.0.1 at 2018-11-08 17:29:45 +1100
Processing by ProjectsController#show as HTML
  Parameters: {"id"=>"15"}
  [1m[36mUser Load (2.7ms)[0m  [1m[34mSELECT  "users".* FROM "users" WHERE "users"."id" = $1 ORDER BY "users"."id" ASC LIMIT $2[0m  [["id", 61], ["LIMIT", 1]]
  ↳ /Users/jessica/.rvm/gems/ruby-2.5.1/gems/activerecord-5.2.1/lib/active_record/log_subscriber.rb:98
  [1m[36mProject Load (1.0ms)[0m  [1m[34mSELECT  "projects".* FROM "projects" WHERE "projects"."id" = $1 LIMIT $2[0m  [["id", 15], ["LIMIT", 1]]
  ↳ app/controllers/projects_controller.rb:150
  [1m[36mRating Load (7.4ms)[0m  [1m[34mSELECT  "ratings".* FROM "ratings" WHERE "ratings"."project_id" = $1 LIMIT $2[0m  [["project_id", 15], ["LIMIT", 1]]
  ↳ app/controllers/projects_controller.rb:53
  [1m[36mBid Load (6.6ms)[0m  [1m[34mSELECT  "bids".* FROM "bids" WHERE "bids"."project_id" = $1 AND "bids"."status" = $2 LIMIT $3[0m  [["project_id", 15], ["status", 1], ["LIMIT", 1]]
  ↳ app/controllers/projects_controller.rb:57
  [1m[36mCACHE Bid Load (0.0ms)[0m  [1m[34mSELECT  "bids".* FROM "bids" WHERE "bids"."project_id" = $1 AND "bids"."status" = $2 LIMIT $3[0m  [["project_id", 15], ["status", 1], ["LIMIT", 1]]
  ↳ app/controllers/projects_controller.rb:58
  [1m[36mUser Load (0.9ms)[0m  [1m[34mSELECT  "users".* FROM "users" WHERE "users"."id" = $1 LIMIT $2[0m  [["id", 35], ["LIMIT", 1]]
  ↳ app/controllers/projects_controller.rb:58
  Rendering projects/show.html.erb within layouts/application
  [1m[36mProduct Load (11.1ms)[0m  [1m[34mSELECT  "products".* FROM "products" WHERE "products"."id" = $1 LIMIT $2[0m  [["id", 1], ["LIMIT", 1]]
  ↳ app/views/projects/show.html.erb:28
  [1m[36mBid Exists (0.5ms)[0m  [1m[34mSELECT  1 AS one FROM "bids" WHERE "bids"."project_id" = $1 LIMIT $2[0m  [["project_id", 15], ["LIMIT", 1]]
  ↳ app/views/projects/show.html.erb:93
  [1m[36mBid Load (0.4ms)[0m  [1m[34mSELECT "bids".* FROM "bids" WHERE "bids"."project_id" = $1[0m  [["project_id", 15]]
  ↳ app/views/projects/show.html.erb:99
  [1m[36mUser Load (0.4ms)[0m  [1m[34mSELECT  "users".* FROM "users" WHERE "users"."id" = $1 LIMIT $2[0m  [["id", 14], ["LIMIT", 1]]
  ↳ app/views/projects/show.html.erb:102
  [1m[36mCACHE User Load (0.0ms)[0m  [1m[34mSELECT  "users".* FROM "users" WHERE "users"."id" = $1 LIMIT $2[0m  [["id", 14], ["LIMIT", 1]]
  ↳ app/views/projects/show.html.erb:102
  [1m[36mUser Load (0.6ms)[0m  [1m[34mSELECT  "users".* FROM "users" WHERE "users"."id" = $1 LIMIT $2[0m  [["id", 20], ["LIMIT", 1]]
  ↳ app/views/projects/show.html.erb:102
  [1m[36mUser Load (0.4ms)[0m  [1m[34mSELECT  "users".* FROM "users" WHERE "users"."id" = $1 LIMIT $2[0m  [["id", 11], ["LIMIT", 1]]
  ↳ app/views/projects/show.html.erb:102
  [1m[36mUser Load (1.1ms)[0m  [1m[34mSELECT  "users".* FROM "users" WHERE "users"."id" = $1 LIMIT $2[0m  [["id", 17], ["LIMIT", 1]]
  ↳ app/views/projects/show.html.erb:102
  [1m[36mUser Load (0.4ms)[0m  [1m[34mSELECT  "users".* FROM "users" WHERE "users"."id" = $1 LIMIT $2[0m  [["id", 19], ["LIMIT", 1]]
  ↳ app/views/projects/show.html.erb:102
  [1m[36mUser Load (0.3ms)[0m  [1m[34mSELECT  "users".* FROM "users" WHERE "users"."id" = $1 LIMIT $2[0m  [["id", 13], ["LIMIT", 1]]
  ↳ app/views/projects/show.html.erb:102
  [1m[36mCACHE User Load (0.0ms)[0m  [1m[34mSELECT  "users".* FROM "users" WHERE "users"."id" = $1 LIMIT $2[0m  [["id", 35], ["LIMIT", 1]]
  ↳ app/views/projects/show.html.erb:102
  Rendered projects/show.html.erb within layouts/application (31.4ms)
  Rendered layouts/_header.html.erb (1.2ms)
  Rendered layouts/_footer.html.erb (0.9ms)
Completed 200 OK in 191ms (Views: 67.9ms | ActiveRecord: 53.8ms)


Started GET "/projects/15" for 127.0.0.1 at 2018-11-08 17:30:08 +1100
Processing by ProjectsController#show as HTML
  Parameters: {"id"=>"15"}
  [1m[36mUser Load (0.5ms)[0m  [1m[34mSELECT  "users".* FROM "users" WHERE "users"."id" = $1 ORDER BY "users"."id" ASC LIMIT $2[0m  [["id", 61], ["LIMIT", 1]]
  ↳ /Users/jessica/.rvm/gems/ruby-2.5.1/gems/activerecord-5.2.1/lib/active_record/log_subscriber.rb:98
  [1m[36mProject Load (0.4ms)[0m  [1m[34mSELECT  "projects".* FROM "projects" WHERE "projects"."id" = $1 LIMIT $2[0m  [["id", 15], ["LIMIT", 1]]
  ↳ app/controllers/projects_controller.rb:150
  [1m[36mRating Load (0.5ms)[0m  [1m[34mSELECT  "ratings".* FROM "ratings" WHERE "ratings"."project_id" = $1 LIMIT $2[0m  [["project_id", 15], ["LIMIT", 1]]
  ↳ app/controllers/projects_controller.rb:53
  [1m[36mBid Load (0.9ms)[0m  [1m[34mSELECT  "bids".* FROM "bids" WHERE "bids"."project_id" = $1 AND "bids"."status" = $2 LIMIT $3[0m  [["project_id", 15], ["status", 1], ["LIMIT", 1]]
  ↳ app/controllers/projects_controller.rb:57
  [1m[36mCACHE Bid Load (0.0ms)[0m  [1m[34mSELECT  "bids".* FROM "bids" WHERE "bids"."project_id" = $1 AND "bids"."status" = $2 LIMIT $3[0m  [["project_id", 15], ["status", 1], ["LIMIT", 1]]
  ↳ app/controllers/projects_controller.rb:58
  [1m[36mUser Load (0.4ms)[0m  [1m[34mSELECT  "users".* FROM "users" WHERE "users"."id" = $1 LIMIT $2[0m  [["id", 35], ["LIMIT", 1]]
  ↳ app/controllers/projects_controller.rb:58
  Rendering projects/show.html.erb within layouts/application
  [1m[36mProduct Load (0.7ms)[0m  [1m[34mSELECT  "products".* FROM "products" WHERE "products"."id" = $1 LIMIT $2[0m  [["id", 1], ["LIMIT", 1]]
  ↳ app/views/projects/show.html.erb:28
  [1m[36mBid Exists (1.8ms)[0m  [1m[34mSELECT  1 AS one FROM "bids" WHERE "bids"."project_id" = $1 LIMIT $2[0m  [["project_id", 15], ["LIMIT", 1]]
  ↳ app/views/projects/show.html.erb:93
  [1m[36mBid Load (0.7ms)[0m  [1m[34mSELECT "bids".* FROM "bids" WHERE "bids"."project_id" = $1[0m  [["project_id", 15]]
  ↳ app/views/projects/show.html.erb:99
  [1m[36mUser Load (0.6ms)[0m  [1m[34mSELECT  "users".* FROM "users" WHERE "users"."id" = $1 LIMIT $2[0m  [["id", 14], ["LIMIT", 1]]
  ↳ app/views/projects/show.html.erb:102
  [1m[36mCACHE User Load (0.0ms)[0m  [1m[34mSELECT  "users".* FROM "users" WHERE "users"."id" = $1 LIMIT $2[0m  [["id", 14], ["LIMIT", 1]]
  ↳ app/views/projects/show.html.erb:102
  [1m[36mUser Load (0.7ms)[0m  [1m[34mSELECT  "users".* FROM "users" WHERE "users"."id" = $1 LIMIT $2[0m  [["id", 20], ["LIMIT", 1]]
  ↳ app/views/projects/show.html.erb:102
  [1m[36mUser Load (0.7ms)[0m  [1m[34mSELECT  "users".* FROM "users" WHERE "users"."id" = $1 LIMIT $2[0m  [["id", 11], ["LIMIT", 1]]
  ↳ app/views/projects/show.html.erb:102
  [1m[36mUser Load (0.7ms)[0m  [1m[34mSELECT  "users".* FROM "users" WHERE "users"."id" = $1 LIMIT $2[0m  [["id", 17], ["LIMIT", 1]]
  ↳ app/views/projects/show.html.erb:102
  [1m[36mUser Load (0.8ms)[0m  [1m[34mSELECT  "users".* FROM "users" WHERE "users"."id" = $1 LIMIT $2[0m  [["id", 19], ["LIMIT", 1]]
  ↳ app/views/projects/show.html.erb:102
  [1m[36mUser Load (0.6ms)[0m  [1m[34mSELECT  "users".* FROM "users" WHERE "users"."id" = $1 LIMIT $2[0m  [["id", 13], ["LIMIT", 1]]
  ↳ app/views/projects/show.html.erb:102
  [1m[36mCACHE User Load (0.0ms)[0m  [1m[34mSELECT  "users".* FROM "users" WHERE "users"."id" = $1 LIMIT $2[0m  [["id", 35], ["LIMIT", 1]]
  ↳ app/views/projects/show.html.erb:102
  Rendered projects/show.html.erb within layouts/application (31.0ms)
  Rendered layouts/_header.html.erb (14.1ms)
  Rendered layouts/_footer.html.erb (1.1ms)
Completed 200 OK in 135ms (Views: 111.8ms | ActiveRecord: 10.1ms)


Started GET "/projects/15" for 127.0.0.1 at 2018-11-08 17:30:11 +1100
Processing by ProjectsController#show as HTML
  Parameters: {"id"=>"15"}
  [1m[36mUser Load (0.6ms)[0m  [1m[34mSELECT  "users".* FROM "users" WHERE "users"."id" = $1 ORDER BY "users"."id" ASC LIMIT $2[0m  [["id", 61], ["LIMIT", 1]]
  ↳ /Users/jessica/.rvm/gems/ruby-2.5.1/gems/activerecord-5.2.1/lib/active_record/log_subscriber.rb:98
  [1m[36mProject Load (0.4ms)[0m  [1m[34mSELECT  "projects".* FROM "projects" WHERE "projects"."id" = $1 LIMIT $2[0m  [["id", 15], ["LIMIT", 1]]
  ↳ app/controllers/projects_controller.rb:150
  [1m[36mRating Load (0.3ms)[0m  [1m[34mSELECT  "ratings".* FROM "ratings" WHERE "ratings"."project_id" = $1 LIMIT $2[0m  [["project_id", 15], ["LIMIT", 1]]
  ↳ app/controllers/projects_controller.rb:53
  [1m[36mBid Load (0.5ms)[0m  [1m[34mSELECT  "bids".* FROM "bids" WHERE "bids"."project_id" = $1 AND "bids"."status" = $2 LIMIT $3[0m  [["project_id", 15], ["status", 1], ["LIMIT", 1]]
  ↳ app/controllers/projects_controller.rb:57
  [1m[36mCACHE Bid Load (0.0ms)[0m  [1m[34mSELECT  "bids".* FROM "bids" WHERE "bids"."project_id" = $1 AND "bids"."status" = $2 LIMIT $3[0m  [["project_id", 15], ["status", 1], ["LIMIT", 1]]
  ↳ app/controllers/projects_controller.rb:58
  [1m[36mUser Load (0.3ms)[0m  [1m[34mSELECT  "users".* FROM "users" WHERE "users"."id" = $1 LIMIT $2[0m  [["id", 35], ["LIMIT", 1]]
  ↳ app/controllers/projects_controller.rb:58
  Rendering projects/show.html.erb within layouts/application
  [1m[36mProduct Load (0.6ms)[0m  [1m[34mSELECT  "products".* FROM "products" WHERE "products"."id" = $1 LIMIT $2[0m  [["id", 1], ["LIMIT", 1]]
  ↳ app/views/projects/show.html.erb:28
  [1m[36mBid Exists (0.9ms)[0m  [1m[34mSELECT  1 AS one FROM "bids" WHERE "bids"."project_id" = $1 LIMIT $2[0m  [["project_id", 15], ["LIMIT", 1]]
  ↳ app/views/projects/show.html.erb:93
  [1m[36mBid Load (0.7ms)[0m  [1m[34mSELECT "bids".* FROM "bids" WHERE "bids"."project_id" = $1[0m  [["project_id", 15]]
  ↳ app/views/projects/show.html.erb:99
  [1m[36mUser Load (0.9ms)[0m  [1m[34mSELECT  "users".* FROM "users" WHERE "users"."id" = $1 LIMIT $2[0m  [["id", 14], ["LIMIT", 1]]
  ↳ app/views/projects/show.html.erb:102
  [1m[36mCACHE User Load (0.0ms)[0m  [1m[34mSELECT  "users".* FROM "users" WHERE "users"."id" = $1 LIMIT $2[0m  [["id", 14], ["LIMIT", 1]]
  ↳ app/views/projects/show.html.erb:102
  [1m[36mUser Load (1.8ms)[0m  [1m[34mSELECT  "users".* FROM "users" WHERE "users"."id" = $1 LIMIT $2[0m  [["id", 20], ["LIMIT", 1]]
  ↳ app/views/projects/show.html.erb:102
  [1m[36mUser Load (1.3ms)[0m  [1m[34mSELECT  "users".* FROM "users" WHERE "users"."id" = $1 LIMIT $2[0m  [["id", 11], ["LIMIT", 1]]
  ↳ app/views/projects/show.html.erb:102
  [1m[36mUser Load (2.2ms)[0m  [1m[34mSELECT  "users".* FROM "users" WHERE "users"."id" = $1 LIMIT $2[0m  [["id", 17], ["LIMIT", 1]]
  ↳ app/views/projects/show.html.erb:102
  [1m[36mUser Load (0.6ms)[0m  [1m[34mSELECT  "users".* FROM "users" WHERE "users"."id" = $1 LIMIT $2[0m  [["id", 19], ["LIMIT", 1]]
  ↳ app/views/projects/show.html.erb:102
  [1m[36mUser Load (2.3ms)[0m  [1m[34mSELECT  "users".* FROM "users" WHERE "users"."id" = $1 LIMIT $2[0m  [["id", 13], ["LIMIT", 1]]
  ↳ app/views/projects/show.html.erb:102
  [1m[36mCACHE User Load (0.0ms)[0m  [1m[34mSELECT  "users".* FROM "users" WHERE "users"."id" = $1 LIMIT $2[0m  [["id", 35], ["LIMIT", 1]]
  ↳ app/views/projects/show.html.erb:102
  Rendered projects/show.html.erb within layouts/application (37.9ms)
  Rendered layouts/_header.html.erb (1.3ms)
  Rendered layouts/_footer.html.erb (0.9ms)
Completed 200 OK in 112ms (Views: 88.6ms | ActiveRecord: 13.6ms)


Started GET "/projects/15" for 127.0.0.1 at 2018-11-08 17:30:29 +1100
Processing by ProjectsController#show as HTML
  Parameters: {"id"=>"15"}
  [1m[36mUser Load (0.7ms)[0m  [1m[34mSELECT  "users".* FROM "users" WHERE "users"."id" = $1 ORDER BY "users"."id" ASC LIMIT $2[0m  [["id", 61], ["LIMIT", 1]]
  ↳ /Users/jessica/.rvm/gems/ruby-2.5.1/gems/activerecord-5.2.1/lib/active_record/log_subscriber.rb:98
  [1m[36mProject Load (1.1ms)[0m  [1m[34mSELECT  "projects".* FROM "projects" WHERE "projects"."id" = $1 LIMIT $2[0m  [["id", 15], ["LIMIT", 1]]
  ↳ app/controllers/projects_controller.rb:150
  [1m[36mRating Load (0.5ms)[0m  [1m[34mSELECT  "ratings".* FROM "ratings" WHERE "ratings"."project_id" = $1 LIMIT $2[0m  [["project_id", 15], ["LIMIT", 1]]
  ↳ app/controllers/projects_controller.rb:53
  [1m[36mBid Load (1.5ms)[0m  [1m[34mSELECT  "bids".* FROM "bids" WHERE "bids"."project_id" = $1 AND "bids"."status" = $2 LIMIT $3[0m  [["project_id", 15], ["status", 1], ["LIMIT", 1]]
  ↳ app/controllers/projects_controller.rb:57
  [1m[36mCACHE Bid Load (0.0ms)[0m  [1m[34mSELECT  "bids".* FROM "bids" WHERE "bids"."project_id" = $1 AND "bids"."status" = $2 LIMIT $3[0m  [["project_id", 15], ["status", 1], ["LIMIT", 1]]
  ↳ app/controllers/projects_controller.rb:58
  [1m[36mUser Load (0.4ms)[0m  [1m[34mSELECT  "users".* FROM "users" WHERE "users"."id" = $1 LIMIT $2[0m  [["id", 35], ["LIMIT", 1]]
  ↳ app/controllers/projects_controller.rb:58
  Rendering projects/show.html.erb within layouts/application
  [1m[36mProduct Load (11.6ms)[0m  [1m[34mSELECT  "products".* FROM "products" WHERE "products"."id" = $1 LIMIT $2[0m  [["id", 1], ["LIMIT", 1]]
  ↳ app/views/projects/show.html.erb:28
  [1m[36mBid Exists (0.4ms)[0m  [1m[34mSELECT  1 AS one FROM "bids" WHERE "bids"."project_id" = $1 LIMIT $2[0m  [["project_id", 15], ["LIMIT", 1]]
  ↳ app/views/projects/show.html.erb:93
  [1m[36mBid Load (0.7ms)[0m  [1m[34mSELECT "bids".* FROM "bids" WHERE "bids"."project_id" = $1[0m  [["project_id", 15]]
  ↳ app/views/projects/show.html.erb:99
  [1m[36mUser Load (1.3ms)[0m  [1m[34mSELECT  "users".* FROM "users" WHERE "users"."id" = $1 LIMIT $2[0m  [["id", 14], ["LIMIT", 1]]
  ↳ app/views/projects/show.html.erb:102
  [1m[36mCACHE User Load (0.0ms)[0m  [1m[34mSELECT  "users".* FROM "users" WHERE "users"."id" = $1 LIMIT $2[0m  [["id", 14], ["LIMIT", 1]]
  ↳ app/views/projects/show.html.erb:102
  [1m[36mUser Load (0.6ms)[0m  [1m[34mSELECT  "users".* FROM "users" WHERE "users"."id" = $1 LIMIT $2[0m  [["id", 20], ["LIMIT", 1]]
  ↳ app/views/projects/show.html.erb:102
  [1m[36mUser Load (0.5ms)[0m  [1m[34mSELECT  "users".* FROM "users" WHERE "users"."id" = $1 LIMIT $2[0m  [["id", 11], ["LIMIT", 1]]
  ↳ app/views/projects/show.html.erb:102
  [1m[36mUser Load (0.7ms)[0m  [1m[34mSELECT  "users".* FROM "users" WHERE "users"."id" = $1 LIMIT $2[0m  [["id", 17], ["LIMIT", 1]]
  ↳ app/views/projects/show.html.erb:102
  [1m[36mUser Load (0.8ms)[0m  [1m[34mSELECT  "users".* FROM "users" WHERE "users"."id" = $1 LIMIT $2[0m  [["id", 19], ["LIMIT", 1]]
  ↳ app/views/projects/show.html.erb:102
  [1m[36mUser Load (0.6ms)[0m  [1m[34mSELECT  "users".* FROM "users" WHERE "users"."id" = $1 LIMIT $2[0m  [["id", 13], ["LIMIT", 1]]
  ↳ app/views/projects/show.html.erb:102
  [1m[36mCACHE User Load (0.0ms)[0m  [1m[34mSELECT  "users".* FROM "users" WHERE "users"."id" = $1 LIMIT $2[0m  [["id", 35], ["LIMIT", 1]]
  ↳ app/views/projects/show.html.erb:102
  Rendered projects/show.html.erb within layouts/application (41.0ms)
  Rendered layouts/_header.html.erb (1.5ms)
  Rendered layouts/_footer.html.erb (0.8ms)
Completed 200 OK in 131ms (Views: 94.0ms | ActiveRecord: 21.4ms)


Started GET "/projects" for 127.0.0.1 at 2018-11-08 17:30:35 +1100
Processing by ProjectsController#index as HTML
  Rendering projects/index.html.erb within layouts/application
  [1m[36mProduct Load (2.5ms)[0m  [1m[34mSELECT "products".* FROM "products"[0m
  ↳ app/views/projects/index.html.erb:12
  [1m[36mProject Load (1.6ms)[0m  [1m[34mSELECT  "projects".* FROM "projects" ORDER BY "projects"."updated_at" ASC LIMIT $1[0m  [["LIMIT", 24]]
  ↳ app/views/projects/index.html.erb:31
  [1m[36mUser Load (1.5ms)[0m  [1m[34mSELECT  "users".* FROM "users" WHERE "users"."id" = $1 ORDER BY "users"."id" ASC LIMIT $2[0m  [["id", 61], ["LIMIT", 1]]
  ↳ app/views/projects/index.html.erb:50
  Rendered projects/index.html.erb within layouts/application (21.1ms)
  Rendered layouts/_header.html.erb (1.0ms)
  Rendered layouts/_footer.html.erb (1.1ms)
Completed 200 OK in 114ms (Views: 103.7ms | ActiveRecord: 5.6ms)


Started GET "/projects/3" for 127.0.0.1 at 2018-11-08 17:30:39 +1100
Processing by ProjectsController#show as HTML
  Parameters: {"id"=>"3"}
  [1m[36mUser Load (1.1ms)[0m  [1m[34mSELECT  "users".* FROM "users" WHERE "users"."id" = $1 ORDER BY "users"."id" ASC LIMIT $2[0m  [["id", 61], ["LIMIT", 1]]
  ↳ /Users/jessica/.rvm/gems/ruby-2.5.1/gems/activerecord-5.2.1/lib/active_record/log_subscriber.rb:98
  [1m[36mProject Load (1.0ms)[0m  [1m[34mSELECT  "projects".* FROM "projects" WHERE "projects"."id" = $1 LIMIT $2[0m  [["id", 3], ["LIMIT", 1]]
  ↳ app/controllers/projects_controller.rb:150
  [1m[36mRating Load (1.2ms)[0m  [1m[34mSELECT  "ratings".* FROM "ratings" WHERE "ratings"."project_id" = $1 LIMIT $2[0m  [["project_id", 3], ["LIMIT", 1]]
  ↳ app/controllers/projects_controller.rb:53
  [1m[36mBid Load (1.0ms)[0m  [1m[34mSELECT  "bids".* FROM "bids" WHERE "bids"."project_id" = $1 AND "bids"."status" = $2 LIMIT $3[0m  [["project_id", 3], ["status", 1], ["LIMIT", 1]]
  ↳ app/controllers/projects_controller.rb:57
  Rendering projects/show.html.erb within layouts/application
  [1m[36mProduct Load (0.5ms)[0m  [1m[34mSELECT  "products".* FROM "products" WHERE "products"."id" = $1 LIMIT $2[0m  [["id", 1], ["LIMIT", 1]]
  ↳ app/views/projects/show.html.erb:28
  [1m[36mBid Exists (0.5ms)[0m  [1m[34mSELECT  1 AS one FROM "bids" WHERE "bids"."project_id" = $1 LIMIT $2[0m  [["project_id", 3], ["LIMIT", 1]]
  ↳ app/views/projects/show.html.erb:93
  [1m[36mBid Load (0.5ms)[0m  [1m[34mSELECT "bids".* FROM "bids" WHERE "bids"."project_id" = $1[0m  [["project_id", 3]]
  ↳ app/views/projects/show.html.erb:99
  [1m[36mUser Load (0.5ms)[0m  [1m[34mSELECT  "users".* FROM "users" WHERE "users"."id" = $1 LIMIT $2[0m  [["id", 18], ["LIMIT", 1]]
  ↳ app/views/projects/show.html.erb:102
  [1m[36mUser Load (0.7ms)[0m  [1m[34mSELECT  "users".* FROM "users" WHERE "users"."id" = $1 LIMIT $2[0m  [["id", 13], ["LIMIT", 1]]
  ↳ app/views/projects/show.html.erb:102
  [1m[36mUser Load (0.6ms)[0m  [1m[34mSELECT  "users".* FROM "users" WHERE "users"."id" = $1 LIMIT $2[0m  [["id", 19], ["LIMIT", 1]]
  ↳ app/views/projects/show.html.erb:102
  [1m[36mCACHE User Load (0.0ms)[0m  [1m[34mSELECT  "users".* FROM "users" WHERE "users"."id" = $1 LIMIT $2[0m  [["id", 13], ["LIMIT", 1]]
  ↳ app/views/projects/show.html.erb:102
  [1m[36mUser Load (0.6ms)[0m  [1m[34mSELECT  "users".* FROM "users" WHERE "users"."id" = $1 LIMIT $2[0m  [["id", 16], ["LIMIT", 1]]
  ↳ app/views/projects/show.html.erb:102
  [1m[36mUser Load (0.8ms)[0m  [1m[34mSELECT  "users".* FROM "users" WHERE "users"."id" = $1 LIMIT $2[0m  [["id", 12], ["LIMIT", 1]]
  ↳ app/views/projects/show.html.erb:102
  [1m[36mCACHE User Load (0.0ms)[0m  [1m[34mSELECT  "users".* FROM "users" WHERE "users"."id" = $1 LIMIT $2[0m  [["id", 16], ["LIMIT", 1]]
  ↳ app/views/projects/show.html.erb:102
  Rendered projects/show.html.erb within layouts/application (37.2ms)
  Rendered layouts/_header.html.erb (1.0ms)
  Rendered layouts/_footer.html.erb (0.5ms)
Completed 200 OK in 117ms (Views: 93.4ms | ActiveRecord: 8.9ms)


Started GET "/projects/3" for 127.0.0.1 at 2018-11-08 17:31:14 +1100
Processing by ProjectsController#show as HTML
  Parameters: {"id"=>"3"}
  [1m[36mUser Load (0.7ms)[0m  [1m[34mSELECT  "users".* FROM "users" WHERE "users"."id" = $1 ORDER BY "users"."id" ASC LIMIT $2[0m  [["id", 61], ["LIMIT", 1]]
  ↳ /Users/jessica/.rvm/gems/ruby-2.5.1/gems/activerecord-5.2.1/lib/active_record/log_subscriber.rb:98
  [1m[36mProject Load (1.3ms)[0m  [1m[34mSELECT  "projects".* FROM "projects" WHERE "projects"."id" = $1 LIMIT $2[0m  [["id", 3], ["LIMIT", 1]]
  ↳ app/controllers/projects_controller.rb:150
  [1m[36mRating Load (0.6ms)[0m  [1m[34mSELECT  "ratings".* FROM "ratings" WHERE "ratings"."project_id" = $1 LIMIT $2[0m  [["project_id", 3], ["LIMIT", 1]]
  ↳ app/controllers/projects_controller.rb:53
  [1m[36mBid Load (0.6ms)[0m  [1m[34mSELECT  "bids".* FROM "bids" WHERE "bids"."project_id" = $1 AND "bids"."status" = $2 LIMIT $3[0m  [["project_id", 3], ["status", 1], ["LIMIT", 1]]
  ↳ app/controllers/projects_controller.rb:57
  Rendering projects/show.html.erb within layouts/application
  [1m[36mProduct Load (0.5ms)[0m  [1m[34mSELECT  "products".* FROM "products" WHERE "products"."id" = $1 LIMIT $2[0m  [["id", 1], ["LIMIT", 1]]
  ↳ app/views/projects/show.html.erb:20
  [1m[36mBid Exists (0.5ms)[0m  [1m[34mSELECT  1 AS one FROM "bids" WHERE "bids"."project_id" = $1 LIMIT $2[0m  [["project_id", 3], ["LIMIT", 1]]
  ↳ app/views/projects/show.html.erb:85
  [1m[36mBid Load (1.4ms)[0m  [1m[34mSELECT "bids".* FROM "bids" WHERE "bids"."project_id" = $1[0m  [["project_id", 3]]
  ↳ app/views/projects/show.html.erb:91
  [1m[36mUser Load (0.7ms)[0m  [1m[34mSELECT  "users".* FROM "users" WHERE "users"."id" = $1 LIMIT $2[0m  [["id", 18], ["LIMIT", 1]]
  ↳ app/views/projects/show.html.erb:94
  [1m[36mUser Load (1.1ms)[0m  [1m[34mSELECT  "users".* FROM "users" WHERE "users"."id" = $1 LIMIT $2[0m  [["id", 13], ["LIMIT", 1]]
  ↳ app/views/projects/show.html.erb:94
  [1m[36mUser Load (0.7ms)[0m  [1m[34mSELECT  "users".* FROM "users" WHERE "users"."id" = $1 LIMIT $2[0m  [["id", 19], ["LIMIT", 1]]
  ↳ app/views/projects/show.html.erb:94
  [1m[36mCACHE User Load (0.0ms)[0m  [1m[34mSELECT  "users".* FROM "users" WHERE "users"."id" = $1 LIMIT $2[0m  [["id", 13], ["LIMIT", 1]]
  ↳ app/views/projects/show.html.erb:94
  [1m[36mUser Load (0.7ms)[0m  [1m[34mSELECT  "users".* FROM "users" WHERE "users"."id" = $1 LIMIT $2[0m  [["id", 16], ["LIMIT", 1]]
  ↳ app/views/projects/show.html.erb:94
  [1m[36mUser Load (0.6ms)[0m  [1m[34mSELECT  "users".* FROM "users" WHERE "users"."id" = $1 LIMIT $2[0m  [["id", 12], ["LIMIT", 1]]
  ↳ app/views/projects/show.html.erb:94
  [1m[36mCACHE User Load (0.0ms)[0m  [1m[34mSELECT  "users".* FROM "users" WHERE "users"."id" = $1 LIMIT $2[0m  [["id", 16], ["LIMIT", 1]]
  ↳ app/views/projects/show.html.erb:94
  Rendered projects/show.html.erb within layouts/application (25.2ms)
  Rendered layouts/_header.html.erb (2.1ms)
  Rendered layouts/_footer.html.erb (1.0ms)
Completed 200 OK in 123ms (Views: 102.3ms | ActiveRecord: 9.5ms)


Started GET "/projects/3" for 127.0.0.1 at 2018-11-08 17:33:12 +1100
Processing by ProjectsController#show as HTML
  Parameters: {"id"=>"3"}
  [1m[36mUser Load (1.0ms)[0m  [1m[34mSELECT  "users".* FROM "users" WHERE "users"."id" = $1 ORDER BY "users"."id" ASC LIMIT $2[0m  [["id", 61], ["LIMIT", 1]]
  ↳ /Users/jessica/.rvm/gems/ruby-2.5.1/gems/activerecord-5.2.1/lib/active_record/log_subscriber.rb:98
  [1m[36mProject Load (0.7ms)[0m  [1m[34mSELECT  "projects".* FROM "projects" WHERE "projects"."id" = $1 LIMIT $2[0m  [["id", 3], ["LIMIT", 1]]
  ↳ app/controllers/projects_controller.rb:150
  [1m[36mRating Load (0.7ms)[0m  [1m[34mSELECT  "ratings".* FROM "ratings" WHERE "ratings"."project_id" = $1 LIMIT $2[0m  [["project_id", 3], ["LIMIT", 1]]
  ↳ app/controllers/projects_controller.rb:53
  [1m[36mBid Load (1.2ms)[0m  [1m[34mSELECT  "bids".* FROM "bids" WHERE "bids"."project_id" = $1 AND "bids"."status" = $2 LIMIT $3[0m  [["project_id", 3], ["status", 1], ["LIMIT", 1]]
  ↳ app/controllers/projects_controller.rb:57
  Rendering projects/show.html.erb within layouts/application
  [1m[36mProduct Load (1.0ms)[0m  [1m[34mSELECT  "products".* FROM "products" WHERE "products"."id" = $1 LIMIT $2[0m  [["id", 1], ["LIMIT", 1]]
  ↳ app/views/projects/show.html.erb:20
  [1m[36mBid Exists (0.6ms)[0m  [1m[34mSELECT  1 AS one FROM "bids" WHERE "bids"."project_id" = $1 LIMIT $2[0m  [["project_id", 3], ["LIMIT", 1]]
  ↳ app/views/projects/show.html.erb:85
  [1m[36mBid Load (0.7ms)[0m  [1m[34mSELECT "bids".* FROM "bids" WHERE "bids"."project_id" = $1[0m  [["project_id", 3]]
  ↳ app/views/projects/show.html.erb:91
  [1m[36mUser Load (0.7ms)[0m  [1m[34mSELECT  "users".* FROM "users" WHERE "users"."id" = $1 LIMIT $2[0m  [["id", 18], ["LIMIT", 1]]
  ↳ app/views/projects/show.html.erb:94
  [1m[36mUser Load (1.2ms)[0m  [1m[34mSELECT  "users".* FROM "users" WHERE "users"."id" = $1 LIMIT $2[0m  [["id", 13], ["LIMIT", 1]]
  ↳ app/views/projects/show.html.erb:94
  [1m[36mUser Load (0.8ms)[0m  [1m[34mSELECT  "users".* FROM "users" WHERE "users"."id" = $1 LIMIT $2[0m  [["id", 19], ["LIMIT", 1]]
  ↳ app/views/projects/show.html.erb:94
  [1m[36mCACHE User Load (0.0ms)[0m  [1m[34mSELECT  "users".* FROM "users" WHERE "users"."id" = $1 LIMIT $2[0m  [["id", 13], ["LIMIT", 1]]
  ↳ app/views/projects/show.html.erb:94
  [1m[36mUser Load (4.1ms)[0m  [1m[34mSELECT  "users".* FROM "users" WHERE "users"."id" = $1 LIMIT $2[0m  [["id", 16], ["LIMIT", 1]]
  ↳ app/views/projects/show.html.erb:94
  [1m[36mUser Load (0.7ms)[0m  [1m[34mSELECT  "users".* FROM "users" WHERE "users"."id" = $1 LIMIT $2[0m  [["id", 12], ["LIMIT", 1]]
  ↳ app/views/projects/show.html.erb:94
  [1m[36mCACHE User Load (0.0ms)[0m  [1m[34mSELECT  "users".* FROM "users" WHERE "users"."id" = $1 LIMIT $2[0m  [["id", 16], ["LIMIT", 1]]
  ↳ app/views/projects/show.html.erb:94
  Rendered projects/show.html.erb within layouts/application (31.1ms)
  Rendered layouts/_header.html.erb (1.1ms)
  Rendered layouts/_footer.html.erb (0.6ms)
Completed 200 OK in 141ms (Views: 114.1ms | ActiveRecord: 13.3ms)


  [1m[35m (1.3ms)[0m  [1m[34mSELECT "schema_migrations"."version" FROM "schema_migrations" ORDER BY "schema_migrations"."version" ASC[0m
  ↳ bin/rails:9
Started GET "/" for 127.0.0.1 at 2018-11-08 17:36:18 +1100
  [1m[35m (1.9ms)[0m  [1m[34mSELECT "schema_migrations"."version" FROM "schema_migrations" ORDER BY "schema_migrations"."version" ASC[0m
  ↳ /Users/jessica/.rvm/gems/ruby-2.5.1/gems/activerecord-5.2.1/lib/active_record/log_subscriber.rb:98
Processing by PublicController#index as HTML
  Rendering public/index.html.erb within layouts/application
  Rendered public/index.html.erb within layouts/application (4.5ms)
  [1m[36mUser Load (2.0ms)[0m  [1m[34mSELECT  "users".* FROM "users" WHERE "users"."id" = $1 ORDER BY "users"."id" ASC LIMIT $2[0m  [["id", 61], ["LIMIT", 1]]
  ↳ app/views/layouts/_header.html.erb:8
  Rendered layouts/_header.html.erb (49.0ms)
  Rendered layouts/_footer.html.erb (1.1ms)
Completed 200 OK in 945ms (Views: 901.8ms | ActiveRecord: 14.1ms)


Started GET "/projects" for 127.0.0.1 at 2018-11-08 17:36:28 +1100
Processing by ProjectsController#index as HTML
Creating scope :open. Overwriting existing method Project.open.
  Rendering projects/index.html.erb within layouts/application
  [1m[36mProduct Load (38.2ms)[0m  [1m[34mSELECT "products".* FROM "products"[0m
  ↳ app/views/projects/index.html.erb:12
  [1m[36mProject Load (3.3ms)[0m  [1m[34mSELECT  "projects".* FROM "projects" ORDER BY "projects"."updated_at" ASC LIMIT $1[0m  [["LIMIT", 24]]
  ↳ app/views/projects/index.html.erb:31
  [1m[36mUser Load (0.6ms)[0m  [1m[34mSELECT  "users".* FROM "users" WHERE "users"."id" = $1 ORDER BY "users"."id" ASC LIMIT $2[0m  [["id", 61], ["LIMIT", 1]]
  ↳ app/views/projects/index.html.erb:50
  Rendered projects/index.html.erb within layouts/application (200.4ms)
  Rendered layouts/_header.html.erb (1.5ms)
  Rendered layouts/_footer.html.erb (0.6ms)
Completed 200 OK in 340ms (Views: 238.8ms | ActiveRecord: 78.7ms)


Started GET "/projects/dashboard" for 127.0.0.1 at 2018-11-08 17:36:35 +1100
Processing by ProjectsController#dashboard as HTML
  [1m[36mUser Load (1.1ms)[0m  [1m[34mSELECT  "users".* FROM "users" WHERE "users"."id" = $1 ORDER BY "users"."id" ASC LIMIT $2[0m  [["id", 61], ["LIMIT", 1]]
  ↳ /Users/jessica/.rvm/gems/ruby-2.5.1/gems/activerecord-5.2.1/lib/active_record/log_subscriber.rb:98
  Rendering projects/dashboard.html.erb within layouts/application
  [1m[36mProject Load (8.5ms)[0m  [1m[34mSELECT "projects".* FROM "projects" WHERE (user_id = 61 AND status = 0)[0m
  ↳ app/views/projects/dashboard.html.erb:16
  [1m[36mBid Exists (0.8ms)[0m  [1m[34mSELECT  1 AS one FROM "bids" WHERE "bids"."project_id" = $1 LIMIT $2[0m  [["project_id", 35], ["LIMIT", 1]]
  ↳ app/views/projects/dashboard.html.erb:30
  [1m[36mBid Load (0.4ms)[0m  [1m[34mSELECT "bids".* FROM "bids" WHERE "bids"."project_id" = $1[0m  [["project_id", 35]]
  ↳ app/views/projects/dashboard.html.erb:33
  [1m[36mUser Load (0.4ms)[0m  [1m[34mSELECT  "users".* FROM "users" WHERE "users"."id" = $1 LIMIT $2[0m  [["id", 62], ["LIMIT", 1]]
  ↳ app/views/projects/dashboard.html.erb:36
  [1m[36mProject Load (0.8ms)[0m  [1m[34mSELECT "projects".* FROM "projects" WHERE (user_id = 61 AND status = 1)[0m
  ↳ app/views/projects/dashboard.html.erb:62
  [1m[36mBid Load (0.5ms)[0m  [1m[34mSELECT "bids".* FROM "bids" WHERE "bids"."project_id" = $1 AND "bids"."status" = $2[0m  [["project_id", 34], ["status", 1]]
  ↳ app/views/projects/dashboard.html.erb:66
  [1m[36mCACHE User Load (0.0ms)[0m  [1m[34mSELECT  "users".* FROM "users" WHERE "users"."id" = $1 LIMIT $2[0m  [["id", 62], ["LIMIT", 1]]
  ↳ app/views/projects/dashboard.html.erb:66
  [1m[36mCACHE Bid Load (0.0ms)[0m  [1m[34mSELECT "bids".* FROM "bids" WHERE "bids"."project_id" = $1 AND "bids"."status" = $2[0m  [["project_id", 34], ["status", 1]]
  ↳ app/views/projects/dashboard.html.erb:66
  [1m[36mProject Load (0.5ms)[0m  [1m[34mSELECT "projects".* FROM "projects" WHERE (user_id = 61 AND status = 2)[0m
  ↳ app/views/projects/dashboard.html.erb:89
  [1m[36mBid Load (0.7ms)[0m  [1m[34mSELECT "bids".* FROM "bids" WHERE "bids"."project_id" = $1 AND "bids"."status" = $2[0m  [["project_id", 31], ["status", 1]]
  ↳ app/views/projects/dashboard.html.erb:92
  [1m[36mUser Load (0.5ms)[0m  [1m[34mSELECT  "users".* FROM "users" WHERE "users"."id" = $1 LIMIT $2[0m  [["id", 63], ["LIMIT", 1]]
  ↳ app/views/projects/dashboard.html.erb:92
  [1m[36mCACHE Bid Load (0.0ms)[0m  [1m[34mSELECT "bids".* FROM "bids" WHERE "bids"."project_id" = $1 AND "bids"."status" = $2[0m  [["project_id", 31], ["status", 1]]
  ↳ app/views/projects/dashboard.html.erb:92
  [1m[36mRating Load (0.7ms)[0m  [1m[34mSELECT  "ratings".* FROM "ratings" WHERE "ratings"."project_id" = $1 LIMIT $2[0m  [["project_id", 31], ["LIMIT", 1]]
  ↳ app/views/projects/dashboard.html.erb:93
  [1m[36mBid Load (0.7ms)[0m  [1m[34mSELECT "bids".* FROM "bids" WHERE "bids"."project_id" = $1 AND "bids"."status" = $2[0m  [["project_id", 32], ["status", 1]]
  ↳ app/views/projects/dashboard.html.erb:92
  [1m[36mCACHE User Load (0.0ms)[0m  [1m[34mSELECT  "users".* FROM "users" WHERE "users"."id" = $1 LIMIT $2[0m  [["id", 62], ["LIMIT", 1]]
  ↳ app/views/projects/dashboard.html.erb:92
  [1m[36mCACHE Bid Load (0.0ms)[0m  [1m[34mSELECT "bids".* FROM "bids" WHERE "bids"."project_id" = $1 AND "bids"."status" = $2[0m  [["project_id", 32], ["status", 1]]
  ↳ app/views/projects/dashboard.html.erb:92
  [1m[36mRating Load (0.4ms)[0m  [1m[34mSELECT  "ratings".* FROM "ratings" WHERE "ratings"."project_id" = $1 LIMIT $2[0m  [["project_id", 32], ["LIMIT", 1]]
  ↳ app/views/projects/dashboard.html.erb:93
  [1m[36mBid Load (0.5ms)[0m  [1m[34mSELECT "bids".* FROM "bids" WHERE "bids"."project_id" = $1 AND "bids"."status" = $2[0m  [["project_id", 33], ["status", 1]]
  ↳ app/views/projects/dashboard.html.erb:92
  [1m[36mCACHE User Load (0.0ms)[0m  [1m[34mSELECT  "users".* FROM "users" WHERE "users"."id" = $1 LIMIT $2[0m  [["id", 62], ["LIMIT", 1]]
  ↳ app/views/projects/dashboard.html.erb:92
  [1m[36mCACHE Bid Load (0.0ms)[0m  [1m[34mSELECT "bids".* FROM "bids" WHERE "bids"."project_id" = $1 AND "bids"."status" = $2[0m  [["project_id", 33], ["status", 1]]
  ↳ app/views/projects/dashboard.html.erb:92
  [1m[36mRating Load (0.3ms)[0m  [1m[34mSELECT  "ratings".* FROM "ratings" WHERE "ratings"."project_id" = $1 LIMIT $2[0m  [["project_id", 33], ["LIMIT", 1]]
  ↳ app/views/projects/dashboard.html.erb:93
  Rendered projects/dashboard.html.erb within layouts/application (126.0ms)
  Rendered layouts/_header.html.erb (0.9ms)
  Rendered layouts/_footer.html.erb (0.5ms)
Completed 200 OK in 237ms (Views: 198.0ms | ActiveRecord: 31.8ms)


Started DELETE "/logout" for 127.0.0.1 at 2018-11-08 17:36:40 +1100
Processing by Devise::SessionsController#destroy as HTML
  Parameters: {"authenticity_token"=>"/6ELvKwU9/YfcSvUfdcA8XpLv7fvTI0daAXWfsEQ++JjAZznK8TOVut5/HjvcGEEt2kPkchqdCeqPvXyaXzTNQ=="}
  [1m[36mUser Load (0.6ms)[0m  [1m[34mSELECT  "users".* FROM "users" WHERE "users"."id" = $1 ORDER BY "users"."id" ASC LIMIT $2[0m  [["id", 61], ["LIMIT", 1]]
  ↳ /Users/jessica/.rvm/gems/ruby-2.5.1/gems/activerecord-5.2.1/lib/active_record/log_subscriber.rb:98
  [1m[35m (0.2ms)[0m  [1m[35mBEGIN[0m
  ↳ /Users/jessica/.rvm/gems/ruby-2.5.1/gems/activerecord-5.2.1/lib/active_record/log_subscriber.rb:98
  [1m[35m (0.2ms)[0m  [1m[35mCOMMIT[0m
  ↳ /Users/jessica/.rvm/gems/ruby-2.5.1/gems/activerecord-5.2.1/lib/active_record/log_subscriber.rb:98
Redirected to http://localhost:3000/
Completed 302 Found in 178ms (ActiveRecord: 1.0ms)


Started GET "/" for 127.0.0.1 at 2018-11-08 17:36:40 +1100
Processing by PublicController#index as HTML
  Rendering public/index.html.erb within layouts/application
  Rendered public/index.html.erb within layouts/application (0.9ms)
  Rendered layouts/_header.html.erb (6.3ms)
  Rendered layouts/_footer.html.erb (0.9ms)
Completed 200 OK in 89ms (Views: 86.9ms | ActiveRecord: 0.0ms)


Started GET "/" for 127.0.0.1 at 2018-11-08 17:39:44 +1100
Processing by PublicController#index as HTML
  Rendering public/index.html.erb within layouts/application
  Rendered public/index.html.erb within layouts/application (1.1ms)
  Rendered layouts/_header.html.erb (1.3ms)
  Rendered layouts/_footer.html.erb (0.5ms)
Completed 200 OK in 99ms (Views: 94.3ms | ActiveRecord: 0.0ms)


Started GET "/" for 127.0.0.1 at 2018-11-08 17:40:57 +1100
Processing by PublicController#index as HTML
  Rendering public/index.html.erb within layouts/application
  Rendered public/index.html.erb within layouts/application (6.0ms)
  Rendered layouts/_header.html.erb (22.3ms)
  Rendered layouts/_footer.html.erb (0.9ms)
Completed 200 OK in 4884ms (Views: 4872.9ms | ActiveRecord: 0.0ms)


Started GET "/" for 127.0.0.1 at 2018-11-08 17:41:03 +1100
Processing by PublicController#index as HTML
  Rendering public/index.html.erb within layouts/application
  Rendered public/index.html.erb within layouts/application (1.2ms)
  Rendered layouts/_header.html.erb (2.9ms)
  Rendered layouts/_footer.html.erb (0.8ms)
Completed 200 OK in 164ms (Views: 159.8ms | ActiveRecord: 0.0ms)


Started GET "/" for 127.0.0.1 at 2018-11-08 17:44:40 +1100
Processing by PublicController#index as HTML
  Rendering public/index.html.erb within layouts/application
  Rendered public/index.html.erb within layouts/application (7.5ms)
  Rendered layouts/_header.html.erb (1.9ms)
  Rendered layouts/_footer.html.erb (1.5ms)
Completed 200 OK in 272ms (Views: 267.3ms | ActiveRecord: 0.0ms)


Started GET "/" for 127.0.0.1 at 2018-11-08 17:45:15 +1100
Processing by PublicController#index as HTML
  Rendering public/index.html.erb within layouts/application
  Rendered public/index.html.erb within layouts/application (6.6ms)
  Rendered layouts/_header.html.erb (1.5ms)
  Rendered layouts/_footer.html.erb (0.8ms)
Completed 200 OK in 474ms (Views: 467.0ms | ActiveRecord: 0.0ms)


Started GET "/" for 127.0.0.1 at 2018-11-08 17:52:03 +1100
Processing by PublicController#index as HTML
  Rendering public/index.html.erb within layouts/application
  Rendered public/index.html.erb within layouts/application (8.4ms)
  Rendered layouts/_header.html.erb (4.3ms)
  Rendered layouts/_footer.html.erb (2.5ms)
Completed 200 OK in 3970ms (Views: 3959.6ms | ActiveRecord: 0.0ms)


Started GET "/" for 127.0.0.1 at 2018-11-08 17:55:11 +1100
Processing by PublicController#index as HTML
  Rendering public/index.html.erb within layouts/application
  Rendered public/index.html.erb within layouts/application (1.6ms)
  Rendered layouts/_header.html.erb (3.6ms)
  Rendered layouts/_footer.html.erb (1.3ms)
Completed 200 OK in 3544ms (Views: 3538.7ms | ActiveRecord: 0.0ms)


Started GET "/" for 127.0.0.1 at 2018-11-08 17:56:00 +1100
Processing by PublicController#index as HTML
  Rendering public/index.html.erb within layouts/application
  Rendered public/index.html.erb within layouts/application (2.7ms)
  Rendered layouts/_header.html.erb (1.6ms)
  Rendered layouts/_footer.html.erb (1.1ms)
Completed 200 OK in 126ms (Views: 121.8ms | ActiveRecord: 0.0ms)


Started GET "/" for 127.0.0.1 at 2018-11-08 17:56:03 +1100
Processing by PublicController#index as HTML
  Rendering public/index.html.erb within layouts/application
  Rendered public/index.html.erb within layouts/application (2.4ms)
  Rendered layouts/_header.html.erb (1.8ms)
  Rendered layouts/_footer.html.erb (0.6ms)
Completed 200 OK in 156ms (Views: 152.4ms | ActiveRecord: 0.0ms)


Started GET "/register" for 127.0.0.1 at 2018-11-08 17:56:32 +1100
Processing by Devise::RegistrationsController#new as HTML
  Rendering devise/registrations/new.html.erb within layouts/application
  Rendered devise/shared/_links.html.erb (2.0ms)
  Rendered devise/registrations/new.html.erb within layouts/application (31.9ms)
  Rendered layouts/_header.html.erb (2.3ms)
  Rendered layouts/_footer.html.erb (0.9ms)
Completed 200 OK in 143ms (Views: 138.3ms | ActiveRecord: 0.0ms)


Started GET "/" for 127.0.0.1 at 2018-11-08 17:56:40 +1100
Processing by PublicController#index as HTML
  Rendering public/index.html.erb within layouts/application
  Rendered public/index.html.erb within layouts/application (1.2ms)
  Rendered layouts/_header.html.erb (4.4ms)
  Rendered layouts/_footer.html.erb (1.2ms)
Completed 200 OK in 171ms (Views: 162.2ms | ActiveRecord: 0.0ms)


Started GET "/projects" for 127.0.0.1 at 2018-11-08 17:56:50 +1100
Processing by ProjectsController#index as HTML
  Rendering projects/index.html.erb within layouts/application
  [1m[36mProduct Load (2.5ms)[0m  [1m[34mSELECT "products".* FROM "products"[0m
  ↳ app/views/projects/index.html.erb:12
  [1m[36mProject Load (4.6ms)[0m  [1m[34mSELECT  "projects".* FROM "projects" ORDER BY "projects"."updated_at" ASC LIMIT $1[0m  [["LIMIT", 24]]
  ↳ app/views/projects/index.html.erb:31
  Rendered projects/index.html.erb within layouts/application (28.8ms)
  Rendered layouts/_header.html.erb (1.2ms)
  Rendered layouts/_footer.html.erb (0.9ms)
Completed 200 OK in 122ms (Views: 110.6ms | ActiveRecord: 7.1ms)


Started GET "/projects" for 127.0.0.1 at 2018-11-08 17:57:02 +1100
Processing by ProjectsController#index as HTML
  Rendering projects/index.html.erb within layouts/application
  [1m[36mProduct Load (0.9ms)[0m  [1m[34mSELECT "products".* FROM "products"[0m
  ↳ app/views/projects/index.html.erb:12
  [1m[36mProject Load (1.4ms)[0m  [1m[34mSELECT  "projects".* FROM "projects" ORDER BY "projects"."updated_at" ASC LIMIT $1[0m  [["LIMIT", 24]]
  ↳ app/views/projects/index.html.erb:31
  Rendered projects/index.html.erb within layouts/application (12.5ms)
  Rendered layouts/_header.html.erb (1.5ms)
  Rendered layouts/_footer.html.erb (1.0ms)
Completed 200 OK in 85ms (Views: 78.7ms | ActiveRecord: 2.3ms)


  [1m[35m (6.3ms)[0m  [1m[34mSELECT pg_try_advisory_lock(5801418608674488450)[0m
  ↳ bin/rails:9
  [1m[35m (1.5ms)[0m  [1m[34mSELECT "schema_migrations"."version" FROM "schema_migrations" ORDER BY "schema_migrations"."version" ASC[0m
  ↳ bin/rails:9
Migrating to RemoveProjectImageFromProjects (20181108070114)
  [1m[35m (0.8ms)[0m  [1m[35mBEGIN[0m
  ↳ bin/rails:9
  [1m[35m (100.3ms)[0m  [1m[35mALTER TABLE "projects" DROP COLUMN "project_image"[0m
  ↳ db/migrate/20181108070114_remove_project_image_from_projects.rb:3
  [1m[36mActiveRecord::SchemaMigration Create (3.6ms)[0m  [1m[32mINSERT INTO "schema_migrations" ("version") VALUES ($1) RETURNING "version"[0m  [["version", "20181108070114"]]
  ↳ bin/rails:9
  [1m[35m (1.9ms)[0m  [1m[35mCOMMIT[0m
  ↳ bin/rails:9
  [1m[36mActiveRecord::InternalMetadata Load (13.4ms)[0m  [1m[34mSELECT  "ar_internal_metadata".* FROM "ar_internal_metadata" WHERE "ar_internal_metadata"."key" = $1 LIMIT $2[0m  [["key", "environment"], ["LIMIT", 1]]
  ↳ bin/rails:9
  [1m[35m (0.7ms)[0m  [1m[35mBEGIN[0m
  ↳ bin/rails:9
  [1m[35m (0.2ms)[0m  [1m[35mCOMMIT[0m
  ↳ bin/rails:9
  [1m[35m (0.5ms)[0m  [1m[34mSELECT pg_advisory_unlock(5801418608674488450)[0m
  ↳ bin/rails:9
  [1m[35m (1.2ms)[0m  [1m[34mSELECT "schema_migrations"."version" FROM "schema_migrations" ORDER BY "schema_migrations"."version" ASC[0m
  ↳ bin/rails:9
